<?xml version="1.0" encoding="UTF-8"?>
<!-- Generated by org.testng.reporters.JUnitReportReporter -->
<testsuite hostname="DESKTOP-SSS13HH" failures="0" tests="1" name="Testngpack.Testgroup2" time="0.002" errors="0" timestamp="2024-11-24T18:56:44 IST" skipped="0">
  <testcase classname="Testngpack.Testgroup2" name="Test4" time="0.002"/>
  <system-out/>
</testsuite> <!-- Testngpack.Testgroup2 -->
