<?xml version="1.0" encoding="UTF-8"?>
<!-- Generated by org.testng.reporters.JUnitReportReporter -->
<testsuite hostname="DESKTOP-SSS13HH" failures="0" tests="6" name="webtest.NewTestngTest" time="0.050" errors="0" timestamp="2024-11-24T12:09:19 IST" skipped="2">
  <testcase classname="webtest.NewTestngTest" name="T2" time="0.025"/>
  <system-out/>
  <testcase classname="webtest.NewTestngTest" name="T1" time="0.010"/>
  <system-out/>
  <testcase classname="webtest.NewTestngTest" name="T1" time="0.005"/>
  <system-out/>
  <testcase classname="webtest.NewTestngTest" name="T1" time="0.010"/>
  <system-out/>
  <testcase classname="webtest.NewTestngTest" name="T4">
    <skipped/>
  </testcase> <!-- T4 -->
  <system-out/>
  <testcase classname="webtest.NewTestngTest" name="T3">
    <skipped/>
  </testcase> <!-- T3 -->
  <system-out/>
</testsuite> <!-- webtest.NewTestngTest -->
