<?xml version="1.0" encoding="UTF-8"?>
<!-- Generated by org.testng.reporters.JUnitReportReporter -->
<testsuite hostname="DESKTOP-SSS13HH" failures="0" tests="1" name="Testngpack.Testgroup1" time="0.022" errors="0" timestamp="2024-11-24T18:56:44 IST" skipped="0">
  <testcase classname="Testngpack.Testgroup1" name="Test3" time="0.022"/>
  <system-out/>
</testsuite> <!-- Testngpack.Testgroup1 -->
