<?xml version="1.0" encoding="UTF-8"?>
<!-- Generated by org.testng.reporters.JUnitReportReporter -->
<testsuite hostname="DESKTOP-SSS13HH" failures="0" tests="2" name="Testngpack.testngcheck" time="0.043" errors="0" timestamp="2024-11-24T17:23:19 IST" skipped="0">
  <testcase classname="Testngpack.testngcheck" name="Test1" time="0.024"/>
  <system-out/>
  <testcase classname="Testngpack.testngcheck" name="Test2" time="0.019"/>
  <system-out/>
</testsuite> <!-- Testngpack.testngcheck -->
