<?xml version="1.0" encoding="UTF-8"?>
<!-- Generated by org.testng.reporters.JUnitReportReporter -->
<testsuite hostname="DESKTOP-SSS13HH" failures="0" tests="2" name="testng.NewTest" time="0.023" errors="0" timestamp="2024-11-24T12:11:29 IST" skipped="0">
  <testcase classname="testng.NewTest" name="f" time="0.018"/>
  <system-out/>
  <testcase classname="testng.NewTest" name="f" time="0.005"/>
  <system-out/>
</testsuite> <!-- testng.NewTest -->
