<?xml version="1.0" encoding="UTF-8"?>
<!-- Generated by org.testng.reporters.JUnitReportReporter -->
<testsuite hostname="DESKTOP-SSS13HH" failures="0" tests="3" name="Testngpack.multibrowser" time="205.002" errors="0" timestamp="2024-11-24T21:28:58 IST" skipped="0">
  <testcase classname="Testngpack.multibrowser" name="r1" time="158.175"/>
  <system-out/>
  <testcase classname="Testngpack.multibrowser" name="r" time="23.677"/>
  <system-out/>
  <testcase classname="Testngpack.multibrowser" name="Allbrowser" time="23.150"/>
  <system-out/>
</testsuite> <!-- Testngpack.multibrowser -->
