<?xml version="1.0" encoding="UTF-8"?>
<!-- Generated by org.testng.reporters.JUnitReportReporter -->
<testsuite hostname="DESKTOP-SSS13HH" failures="0" tests="1" name="Testngpack.testngcheck1" time="0.006" errors="0" timestamp="2024-11-24T17:23:19 IST" skipped="0">
  <testcase classname="Testngpack.testngcheck1" name="Test1" time="0.006"/>
  <system-out/>
</testsuite> <!-- Testngpack.testngcheck1 -->
