<?xml version="1.0" encoding="UTF-8"?>
<!-- Generated by org.testng.reporters.JUnitReportReporter -->
<testsuite hostname="DESKTOP-SSS13HH" failures="0" tests="1" name="webtest.ngconvert" time="0.023" errors="0" timestamp="2024-11-24T12:24:10 IST" skipped="0">
  <testcase classname="webtest.ngconvert" name="testng1" time="0.023"/>
  <system-out/>
</testsuite> <!-- webtest.ngconvert -->
