<?xml version="1.0" encoding="UTF-8"?>
<!-- Generated by org.testng.reporters.JUnitReportReporter -->
<testsuite hostname="DESKTOP-SSS13HH" failures="0" tests="1" name="newjenkins.NewTest" time="0.016" errors="0" timestamp="2024-11-25T14:19:17 IST" skipped="0">
  <testcase classname="newjenkins.NewTest" name="f" time="0.016"/>
</testsuite> <!-- newjenkins.NewTest -->
